<?xml version="1.0" encoding="UTF-8"?>
<!-- Generated by org.testng.reporters.JUnitReportReporter -->
<testsuite name="ml.alternet.parser.step1.CalcTest" tests="5" time="0.305" ignored="0" failures="0" timestamp="08 août 2017 05:34:27 GMT" skipped="0" hostname="zed.local" errors="0">
  <testcase name="calcGrammarSingleton_ShouldBe_generated" time="0.251" classname="ml.alternet.parser.step1.CalcTest"/>
  <testcase name="calcGrammarTokenizer_Should_containAllTokensExceptFragments" time="0.028" classname="ml.alternet.parser.step1.CalcTest"/>
  <testcase name="calcGrammar_Should_consumeTokens" time="0.005" classname="ml.alternet.parser.step1.CalcTest"/>
  <testcase name="calcGrammar_Should_consumeMult" time="0.002" classname="ml.alternet.parser.step1.CalcTest"/>
  <testcase name="calcGrammar_Should_consumeFunctionCall" time="0.019" classname="ml.alternet.parser.step1.CalcTest"/>
</testsuite> <!-- ml.alternet.parser.step1.CalcTest -->
