<?xml version="1.0" encoding="UTF-8"?>
<!-- Generated by org.testng.reporters.JUnitReportReporter -->
<testsuite name="ml.alternet.parser.tests.GrammarListTest" tests="2" time="0.184" ignored="0" failures="0" timestamp="06 août 2017 17:39:28 GMT" skipped="0" hostname="zed.local" errors="0">
  <testcase name="items_Should_beMatched2" time="0.006" classname="ml.alternet.parser.tests.GrammarListTest"/>
  <testcase name="firstItem_Should_beMatchedBecauseOrConnectorIsLazy" time="0.178" classname="ml.alternet.parser.tests.GrammarListTest"/>
</testsuite> <!-- ml.alternet.parser.tests.GrammarListTest -->
