<?xml version="1.0" encoding="UTF-8"?>
<!-- Generated by org.testng.reporters.JUnitReportReporter -->
<testsuite name="ml.alternet.parser.tests.BasicTest" tests="37" time="0.383" ignored="0" failures="0" timestamp="03 août 2017 23:46:17 GMT" skipped="0" hostname="zed.local" errors="0">
  <testcase name="choiceWithOptional_Should_matchInputString" time="0.001" classname="ml.alternet.parser.tests.BasicTest"/>
  <testcase name="rules_ShouldBe_prettyPrinted" time="0.001" classname="ml.alternet.parser.tests.BasicTest"/>
  <testcase name="escapedChar_Should_matchCharWithNodeBuilder" time="0.026" classname="ml.alternet.parser.tests.BasicTest"/>
  <testcase name="rules_ShouldBe_prettyPrinted" time="0.000" classname="ml.alternet.parser.tests.BasicTest"/>
  <testcase name="rules_ShouldBe_prettyPrinted" time="0.001" classname="ml.alternet.parser.tests.BasicTest"/>
  <testcase name="unicodeChar_ShouldBe_parsed" time="0.003" classname="ml.alternet.parser.tests.BasicTest"/>
  <testcase name="char_Should_matchInputString" time="0.150" classname="ml.alternet.parser.tests.BasicTest"/>
  <testcase name="escapedChar_Should_matchCharWithTreeHandler" time="0.001" classname="ml.alternet.parser.tests.BasicTest"/>
  <testcase name="rules_ShouldBe_prettyPrinted" time="0.001" classname="ml.alternet.parser.tests.BasicTest"/>
  <testcase name="choiceWithOptional_ShouldNot_matchInputString" time="0.006" classname="ml.alternet.parser.tests.BasicTest"/>
  <testcase name="rules_ShouldBe_prettyPrinted" time="0.008" classname="ml.alternet.parser.tests.BasicTest"/>
  <testcase name="rules_ShouldBe_prettyPrinted" time="0.000" classname="ml.alternet.parser.tests.BasicTest"/>
  <testcase name="notChar_ShouldNot_matchInput" time="0.000" classname="ml.alternet.parser.tests.BasicTest"/>
  <testcase name="rules_ShouldBe_prettyPrinted" time="0.001" classname="ml.alternet.parser.tests.BasicTest"/>
  <testcase name="rules_ShouldBe_prettyPrinted" time="0.001" classname="ml.alternet.parser.tests.BasicTest"/>
  <testcase name="rules_ShouldBe_prettyPrinted" time="0.001" classname="ml.alternet.parser.tests.BasicTest"/>
  <testcase name="rules_ShouldBe_prettyPrinted" time="0.001" classname="ml.alternet.parser.tests.BasicTest"/>
  <testcase name="othersChar_Should_matchInputString" time="0.001" classname="ml.alternet.parser.tests.BasicTest"/>
  <testcase name="rules_ShouldBe_prettyPrinted" time="0.001" classname="ml.alternet.parser.tests.BasicTest"/>
  <testcase name="rules_ShouldBe_prettyPrinted" time="0.001" classname="ml.alternet.parser.tests.BasicTest"/>
  <testcase name="notChar_ShouldNot_matchLastInput" time="0.001" classname="ml.alternet.parser.tests.BasicTest"/>
  <testcase name="rules_ShouldBe_prettyPrinted" time="0.001" classname="ml.alternet.parser.tests.BasicTest"/>
  <testcase name="rules_ShouldBe_prettyPrinted" time="0.001" classname="ml.alternet.parser.tests.BasicTest"/>
  <testcase name="rules_ShouldBe_prettyPrinted" time="0.000" classname="ml.alternet.parser.tests.BasicTest"/>
  <testcase name="escapedChar_Should_matchChar" time="0.001" classname="ml.alternet.parser.tests.BasicTest"/>
  <testcase name="optionalChoice_Should_matchInputString" time="0.002" classname="ml.alternet.parser.tests.BasicTest"/>
  <testcase name="rules_ShouldBe_prettyPrinted" time="0.001" classname="ml.alternet.parser.tests.BasicTest"/>
  <testcase name="escapedChar_Should_matchCharWithTokenValueHandler" time="0.002" classname="ml.alternet.parser.tests.BasicTest"/>
  <testcase name="escapedBackslasg_Should_matchBackslash" time="0.002" classname="ml.alternet.parser.tests.BasicTest"/>
  <testcase name="rules_ShouldBe_prettyPrinted" time="0.001" classname="ml.alternet.parser.tests.BasicTest"/>
  <testcase name="rules_ShouldBe_prettyPrinted" time="0.001" classname="ml.alternet.parser.tests.BasicTest"/>
  <testcase name="badGrammar_Should_FailOnInitialization" time="0.152" classname="ml.alternet.parser.tests.BasicTest"/>
  <testcase name="notChar_Should_matchInput" time="0.001" classname="ml.alternet.parser.tests.BasicTest"/>
  <testcase name="rules_ShouldBe_prettyPrinted" time="0.001" classname="ml.alternet.parser.tests.BasicTest"/>
  <testcase name="rules_ShouldBe_prettyPrinted" time="0.002" classname="ml.alternet.parser.tests.BasicTest"/>
  <testcase name="rules_ShouldBe_prettyPrinted" time="0.000" classname="ml.alternet.parser.tests.BasicTest"/>
  <testcase name="notChar_Should_matchInputString" time="0.009" classname="ml.alternet.parser.tests.BasicTest"/>
</testsuite> <!-- ml.alternet.parser.tests.BasicTest -->
