<?xml version="1.0" encoding="UTF-8"?>
<!-- Generated by org.testng.reporters.JUnitReportReporter -->
<testsuite name="ml.alternet.parser.tests.CalcTest" tests="5" time="0.237" ignored="0" failures="0" timestamp="08 août 2017 05:35:07 GMT" skipped="0" hostname="zed.local" errors="0">
  <testcase name="calcGrammarTokenizer_Should_containAllTokensExceptFragments" time="0.014" classname="ml.alternet.parser.tests.CalcTest"/>
  <testcase name="calcGrammar_Should_consumeTokens" time="0.004" classname="ml.alternet.parser.tests.CalcTest"/>
  <testcase name="calcGrammarSingleton_ShouldBe_generated" time="0.199" classname="ml.alternet.parser.tests.CalcTest"/>
  <testcase name="calcGrammar_Should_consumeMult" time="0.002" classname="ml.alternet.parser.tests.CalcTest"/>
  <testcase name="calcGrammar_Should_consumeFunctionCall" time="0.018" classname="ml.alternet.parser.tests.CalcTest"/>
</testsuite> <!-- ml.alternet.parser.tests.CalcTest -->
