<?xml version="1.0" encoding="UTF-8"?>
<testng-results skipped="0" failed="0" ignored="0" total="5" passed="5">
  <reporter-output>
  </reporter-output>
  <suite name="Default suite" duration-ms="262" started-at="2017-08-08T05:35:07Z" finished-at="2017-08-08T05:35:07Z">
    <groups>
    </groups>
    <test name="Default test" duration-ms="262" started-at="2017-08-08T05:35:07Z" finished-at="2017-08-08T05:35:07Z">
      <class name="ml.alternet.parser.tests.CalcTest">
        <test-method status="PASS" signature="calcGrammarSingleton_ShouldBe_generated()[pri:0, instance:ml.alternet.parser.tests.CalcTest@48eff760]" name="calcGrammarSingleton_ShouldBe_generated" duration-ms="199" started-at="2017-08-08T07:35:07Z" finished-at="2017-08-08T07:35:07Z">
          <reporter-output>
          </reporter-output>
        </test-method> <!-- calcGrammarSingleton_ShouldBe_generated -->
        <test-method status="PASS" signature="calcGrammarTokenizer_Should_containAllTokensExceptFragments()[pri:0, instance:ml.alternet.parser.tests.CalcTest@48eff760]" name="calcGrammarTokenizer_Should_containAllTokensExceptFragments" duration-ms="14" started-at="2017-08-08T07:35:07Z" finished-at="2017-08-08T07:35:07Z">
          <reporter-output>
          </reporter-output>
        </test-method> <!-- calcGrammarTokenizer_Should_containAllTokensExceptFragments -->
        <test-method status="PASS" signature="calcGrammar_Should_consumeFunctionCall()[pri:0, instance:ml.alternet.parser.tests.CalcTest@48eff760]" name="calcGrammar_Should_consumeFunctionCall" duration-ms="18" started-at="2017-08-08T07:35:07Z" finished-at="2017-08-08T07:35:07Z">
          <reporter-output>
          </reporter-output>
        </test-method> <!-- calcGrammar_Should_consumeFunctionCall -->
        <test-method status="PASS" signature="calcGrammar_Should_consumeMult()[pri:0, instance:ml.alternet.parser.tests.CalcTest@48eff760]" name="calcGrammar_Should_consumeMult" duration-ms="2" started-at="2017-08-08T07:35:07Z" finished-at="2017-08-08T07:35:07Z">
          <reporter-output>
          </reporter-output>
        </test-method> <!-- calcGrammar_Should_consumeMult -->
        <test-method status="PASS" signature="calcGrammar_Should_consumeTokens()[pri:0, instance:ml.alternet.parser.tests.CalcTest@48eff760]" name="calcGrammar_Should_consumeTokens" duration-ms="4" started-at="2017-08-08T07:35:07Z" finished-at="2017-08-08T07:35:07Z">
          <reporter-output>
          </reporter-output>
        </test-method> <!-- calcGrammar_Should_consumeTokens -->
      </class> <!-- ml.alternet.parser.tests.CalcTest -->
    </test> <!-- Default test -->
  </suite> <!-- Default suite -->
</testng-results>
