<?xml version="1.0" encoding="UTF-8"?>
<!-- Generated by org.testng.reporters.JUnitXMLReporter -->
<testsuite hostname="zed.local" ignored="0" name="Default test" tests="5" failures="0" timestamp="08 août 2017 05:35:07 GMT" time="0.262" errors="0">
  <testcase name="calcGrammarSingleton_ShouldBe_generated" time="0.199" classname="ml.alternet.parser.tests.CalcTest"/>
  <testcase name="calcGrammarTokenizer_Should_containAllTokensExceptFragments" time="0.014" classname="ml.alternet.parser.tests.CalcTest"/>
  <testcase name="calcGrammar_Should_consumeFunctionCall" time="0.018" classname="ml.alternet.parser.tests.CalcTest"/>
  <testcase name="calcGrammar_Should_consumeMult" time="0.002" classname="ml.alternet.parser.tests.CalcTest"/>
  <testcase name="calcGrammar_Should_consumeTokens" time="0.004" classname="ml.alternet.parser.tests.CalcTest"/>
</testsuite> <!-- Default test -->
